<?xml version="1.0" encoding="UTF-8"?>
<!-- Generated by org.testng.reporters.JUnitReportReporter -->
<testsuite skipped="0" hostname="HDC0005363" name="com.crm.qa.testcases.ContactsPageTest" tests="2" failures="0" timestamp="06 Jul 2018 05:38:22 GMT" time="52.092" errors="0">
  <testcase name="verifyContactsPageLabel" time="29.780" classname="com.crm.qa.testcases.ContactsPageTest"/>
  <testcase name="selectSingleContactsTest" time="22.312" classname="com.crm.qa.testcases.ContactsPageTest"/>
</testsuite> <!-- com.crm.qa.testcases.ContactsPageTest -->
