<?xml version="1.0" encoding="UTF-8"?>
<!-- Generated by org.testng.reporters.JUnitReportReporter -->
<testsuite skipped="0" hostname="HDC0005363" name="com.crm.qa.testcases.LoginPageTest" tests="3" failures="0" timestamp="06 Jul 2018 05:57:52 GMT" time="39.780" errors="0">
  <testcase name="loginPageTitleTest" time="10.268" classname="com.crm.qa.testcases.LoginPageTest"/>
  <testcase name="crmLogoImageTest" time="8.851" classname="com.crm.qa.testcases.LoginPageTest"/>
  <testcase name="loginTest" time="20.661" classname="com.crm.qa.testcases.LoginPageTest"/>
</testsuite> <!-- com.crm.qa.testcases.LoginPageTest -->
