<?xml version="1.0" encoding="UTF-8"?>
<!-- Generated by org.testng.reporters.JUnitReportReporter -->
<testsuite skipped="0" hostname="HDC0005363" name="com.crm.qa.testcases.HomePageTest" tests="3" failures="0" timestamp="06 Jul 2018 12:52:10 GMT" time="51.909" errors="0">
  <testcase name="verifyHomePageTitleTest" time="15.735" classname="com.crm.qa.testcases.HomePageTest"/>
  <testcase name="verifyUserNameTest" time="16.565" classname="com.crm.qa.testcases.HomePageTest"/>
  <testcase name="verifyContactsLinkTest" time="19.609" classname="com.crm.qa.testcases.HomePageTest"/>
</testsuite> <!-- com.crm.qa.testcases.HomePageTest -->
