<?xml version="1.0" encoding="UTF-8"?>
<!-- Generated by org.testng.reporters.JUnitReportReporter -->
<testsuite skipped="0" hostname="HDC0005363" name="com.crm.qa.testcases.LoginPageTest" tests="3" failures="0" timestamp="06 Jul 2018 12:52:10 GMT" time="39.967" errors="0">
  <testcase name="loginPageTitleTest" time="8.403" classname="com.crm.qa.testcases.LoginPageTest"/>
  <testcase name="crmLogoImageTest" time="15.191" classname="com.crm.qa.testcases.LoginPageTest"/>
  <testcase name="loginTest" time="16.373" classname="com.crm.qa.testcases.LoginPageTest"/>
</testsuite> <!-- com.crm.qa.testcases.LoginPageTest -->
